{"C:\\Users\\rafael_toutain\\Desktop\\rs-react-app\\src\\App.tsx": {"path":"C:\\Users\\rafael_toutain\\Desktop\\rs-react-app\\src\\App.tsx","all":false,"statementMap":{"0":{"start":{"line":1,"column":0},"end":{"line":1,"column":19}},"1":{"start":{"line":2,"column":0},"end":{"line":2,"column":42}},"2":{"start":{"line":3,"column":0},"end":{"line":3,"column":56}},"4":{"start":{"line":5,"column":0},"end":{"line":5,"column":16}},"5":{"start":{"line":6,"column":0},"end":{"line":6,"column":10}},"6":{"start":{"line":7,"column":0},"end":{"line":7,"column":19}},"7":{"start":{"line":8,"column":0},"end":{"line":8,"column":19}},"8":{"start":{"line":9,"column":0},"end":{"line":9,"column":20}},"10":{"start":{"line":11,"column":0},"end":{"line":11,"column":1}},"12":{"start":{"line":13,"column":0},"end":{"line":13,"column":19}}},"s":{"0":1,"1":1,"2":1,"4":1,"5":1,"6":1,"7":1,"8":1,"10":1,"12":1},"branchMap":{"0":{"type":"branch","line":5,"loc":{"start":{"line":5,"column":0},"end":{"line":11,"column":1}},"locations":[{"start":{"line":5,"column":0},"end":{"line":11,"column":1}}]}},"b":{"0":[1]},"fnMap":{"0":{"name":"App","decl":{"start":{"line":5,"column":0},"end":{"line":11,"column":1}},"loc":{"start":{"line":5,"column":0},"end":{"line":11,"column":1}},"line":5}},"f":{"0":1}}
,"C:\\Users\\rafael_toutain\\Desktop\\rs-react-app\\src\\components\\content.tsx": {"path":"C:\\Users\\rafael_toutain\\Desktop\\rs-react-app\\src\\components\\content.tsx","all":false,"statementMap":{"5":{"start":{"line":6,"column":0},"end":{"line":6,"column":37}},"6":{"start":{"line":7,"column":0},"end":{"line":7,"column":38}},"8":{"start":{"line":9,"column":0},"end":{"line":9,"column":10}},"9":{"start":{"line":10,"column":0},"end":{"line":10,"column":6}},"10":{"start":{"line":11,"column":0},"end":{"line":11,"column":50}},"12":{"start":{"line":13,"column":0},"end":{"line":13,"column":11}},"13":{"start":{"line":14,"column":0},"end":{"line":14,"column":43}},"14":{"start":{"line":15,"column":0},"end":{"line":15,"column":28}},"15":{"start":{"line":16,"column":0},"end":{"line":16,"column":42}},"16":{"start":{"line":17,"column":0},"end":{"line":17,"column":24}},"17":{"start":{"line":18,"column":0},"end":{"line":18,"column":54}},"18":{"start":{"line":19,"column":0},"end":{"line":19,"column":65}},"19":{"start":{"line":20,"column":0},"end":{"line":20,"column":64}},"20":{"start":{"line":21,"column":0},"end":{"line":21,"column":20}},"21":{"start":{"line":22,"column":0},"end":{"line":22,"column":17}},"22":{"start":{"line":23,"column":0},"end":{"line":23,"column":13}},"23":{"start":{"line":24,"column":0},"end":{"line":24,"column":13}},"24":{"start":{"line":25,"column":0},"end":{"line":25,"column":12}},"25":{"start":{"line":26,"column":0},"end":{"line":26,"column":7}},"27":{"start":{"line":28,"column":0},"end":{"line":28,"column":2}},"29":{"start":{"line":30,"column":0},"end":{"line":30,"column":23}}},"s":{"5":1,"6":2,"8":2,"9":2,"10":2,"12":2,"13":2,"14":2,"15":2,"16":2,"17":2,"18":2,"19":2,"20":2,"21":2,"22":2,"23":2,"24":2,"25":2,"27":2,"29":1},"branchMap":{"0":{"type":"branch","line":6,"loc":{"start":{"line":6,"column":16},"end":{"line":28,"column":2}},"locations":[{"start":{"line":6,"column":16},"end":{"line":28,"column":2}}]},"1":{"type":"branch","line":16,"loc":{"start":{"line":16,"column":25},"end":{"line":22,"column":17}},"locations":[{"start":{"line":16,"column":25},"end":{"line":22,"column":17}}]}},"b":{"0":[2],"1":[2]},"fnMap":{"0":{"name":"Content","decl":{"start":{"line":6,"column":16},"end":{"line":28,"column":2}},"loc":{"start":{"line":6,"column":16},"end":{"line":28,"column":2}},"line":6}},"f":{"0":2}}
,"C:\\Users\\rafael_toutain\\Desktop\\rs-react-app\\src\\components\\error-boundary.tsx": {"path":"C:\\Users\\rafael_toutain\\Desktop\\rs-react-app\\src\\components\\error-boundary.tsx","all":false,"statementMap":{"0":{"start":{"line":1,"column":0},"end":{"line":1,"column":66}},"6":{"start":{"line":7,"column":0},"end":{"line":7,"column":61}},"7":{"start":{"line":8,"column":0},"end":{"line":8,"column":30}},"9":{"start":{"line":10,"column":0},"end":{"line":10,"column":37}},"10":{"start":{"line":11,"column":0},"end":{"line":11,"column":30}},"11":{"start":{"line":12,"column":0},"end":{"line":12,"column":3}},"13":{"start":{"line":14,"column":0},"end":{"line":14,"column":57}},"14":{"start":{"line":15,"column":0},"end":{"line":15,"column":55}},"15":{"start":{"line":16,"column":0},"end":{"line":16,"column":3}},"17":{"start":{"line":18,"column":0},"end":{"line":18,"column":12}},"18":{"start":{"line":19,"column":0},"end":{"line":19,"column":30}},"19":{"start":{"line":20,"column":0},"end":{"line":20,"column":14}},"20":{"start":{"line":21,"column":0},"end":{"line":21,"column":114}},"21":{"start":{"line":22,"column":0},"end":{"line":22,"column":70}},"22":{"start":{"line":23,"column":0},"end":{"line":23,"column":46}},"23":{"start":{"line":24,"column":0},"end":{"line":24,"column":17}},"24":{"start":{"line":25,"column":0},"end":{"line":25,"column":82}},"25":{"start":{"line":26,"column":0},"end":{"line":26,"column":62}},"26":{"start":{"line":27,"column":0},"end":{"line":27,"column":11}},"28":{"start":{"line":29,"column":0},"end":{"line":29,"column":19}},"29":{"start":{"line":30,"column":0},"end":{"line":30,"column":14}},"31":{"start":{"line":32,"column":0},"end":{"line":32,"column":5}},"33":{"start":{"line":34,"column":0},"end":{"line":34,"column":31}},"34":{"start":{"line":35,"column":0},"end":{"line":35,"column":3}},"35":{"start":{"line":36,"column":0},"end":{"line":36,"column":1}}},"s":{"0":1,"6":1,"7":3,"9":3,"10":2,"11":2,"13":3,"14":1,"15":1,"17":3,"18":5,"19":2,"20":2,"21":2,"22":2,"23":2,"24":2,"25":2,"26":2,"28":2,"29":2,"31":2,"33":3,"34":5,"35":3},"branchMap":{"0":{"type":"branch","line":7,"loc":{"start":{"line":7,"column":60},"end":{"line":36,"column":1}},"locations":[{"start":{"line":7,"column":60},"end":{"line":36,"column":1}}]},"1":{"type":"branch","line":10,"loc":{"start":{"line":10,"column":9},"end":{"line":12,"column":3}},"locations":[{"start":{"line":10,"column":9},"end":{"line":12,"column":3}}]},"2":{"type":"branch","line":14,"loc":{"start":{"line":14,"column":2},"end":{"line":16,"column":3}},"locations":[{"start":{"line":14,"column":2},"end":{"line":16,"column":3}}]},"3":{"type":"branch","line":18,"loc":{"start":{"line":18,"column":2},"end":{"line":35,"column":3}},"locations":[{"start":{"line":18,"column":2},"end":{"line":35,"column":3}}]},"4":{"type":"branch","line":19,"loc":{"start":{"line":19,"column":29},"end":{"line":34,"column":31}},"locations":[{"start":{"line":19,"column":29},"end":{"line":34,"column":31}}]},"5":{"type":"branch","line":19,"loc":{"start":{"line":19,"column":29},"end":{"line":32,"column":5}},"locations":[{"start":{"line":19,"column":29},"end":{"line":32,"column":5}}]}},"b":{"0":[3],"1":[2],"2":[1],"3":[5],"4":[3],"5":[2]},"fnMap":{"0":{"name":"<instance_members_initializer>","decl":{"start":{"line":7,"column":60},"end":{"line":36,"column":1}},"loc":{"start":{"line":7,"column":60},"end":{"line":36,"column":1}},"line":7},"1":{"name":"getDerivedStateFromError","decl":{"start":{"line":10,"column":9},"end":{"line":12,"column":3}},"loc":{"start":{"line":10,"column":9},"end":{"line":12,"column":3}},"line":10},"2":{"name":"componentDidCatch","decl":{"start":{"line":14,"column":2},"end":{"line":16,"column":3}},"loc":{"start":{"line":14,"column":2},"end":{"line":16,"column":3}},"line":14},"3":{"name":"render","decl":{"start":{"line":18,"column":2},"end":{"line":35,"column":3}},"loc":{"start":{"line":18,"column":2},"end":{"line":35,"column":3}},"line":18},"4":{"name":"onClick","decl":{"start":{"line":26,"column":21},"end":{"line":26,"column":62}},"loc":{"start":{"line":26,"column":21},"end":{"line":26,"column":62}},"line":26}},"f":{"0":3,"1":2,"2":1,"3":5,"4":0}}
,"C:\\Users\\rafael_toutain\\Desktop\\rs-react-app\\src\\components\\error.tsx": {"path":"C:\\Users\\rafael_toutain\\Desktop\\rs-react-app\\src\\components\\error.tsx","all":false,"statementMap":{"0":{"start":{"line":1,"column":0},"end":{"line":1,"column":25}},"1":{"start":{"line":2,"column":0},"end":{"line":2,"column":10}},"2":{"start":{"line":3,"column":0},"end":{"line":3,"column":6}},"3":{"start":{"line":4,"column":0},"end":{"line":4,"column":50}},"5":{"start":{"line":6,"column":0},"end":{"line":6,"column":11}},"6":{"start":{"line":7,"column":0},"end":{"line":7,"column":63}},"8":{"start":{"line":9,"column":0},"end":{"line":9,"column":10}},"9":{"start":{"line":10,"column":0},"end":{"line":10,"column":7}},"11":{"start":{"line":12,"column":0},"end":{"line":12,"column":2}},"13":{"start":{"line":14,"column":0},"end":{"line":14,"column":25}}},"s":{"0":1,"1":1,"2":1,"3":1,"5":1,"6":1,"8":1,"9":1,"11":1,"13":1},"branchMap":{"0":{"type":"branch","line":1,"loc":{"start":{"line":1,"column":18},"end":{"line":12,"column":2}},"locations":[{"start":{"line":1,"column":18},"end":{"line":12,"column":2}}]}},"b":{"0":[1]},"fnMap":{"0":{"name":"ErrorPage","decl":{"start":{"line":1,"column":18},"end":{"line":12,"column":2}},"loc":{"start":{"line":1,"column":18},"end":{"line":12,"column":2}},"line":1}},"f":{"0":1}}
,"C:\\Users\\rafael_toutain\\Desktop\\rs-react-app\\src\\components\\header.tsx": {"path":"C:\\Users\\rafael_toutain\\Desktop\\rs-react-app\\src\\components\\header.tsx","all":false,"statementMap":{"0":{"start":{"line":1,"column":0},"end":{"line":1,"column":51}},"6":{"start":{"line":7,"column":0},"end":{"line":7,"column":56}},"7":{"start":{"line":8,"column":0},"end":{"line":8,"column":43}},"9":{"start":{"line":10,"column":0},"end":{"line":10,"column":67}},"10":{"start":{"line":11,"column":0},"end":{"line":11,"column":29}},"11":{"start":{"line":12,"column":0},"end":{"line":12,"column":4}},"13":{"start":{"line":14,"column":0},"end":{"line":14,"column":30}},"14":{"start":{"line":15,"column":0},"end":{"line":15,"column":30}},"15":{"start":{"line":16,"column":0},"end":{"line":16,"column":13}},"16":{"start":{"line":17,"column":0},"end":{"line":17,"column":5}},"17":{"start":{"line":18,"column":0},"end":{"line":18,"column":20}},"18":{"start":{"line":19,"column":0},"end":{"line":19,"column":44}},"19":{"start":{"line":20,"column":0},"end":{"line":20,"column":4}},"21":{"start":{"line":22,"column":0},"end":{"line":22,"column":10}},"22":{"start":{"line":23,"column":0},"end":{"line":23,"column":37}},"23":{"start":{"line":24,"column":0},"end":{"line":24,"column":78}},"24":{"start":{"line":25,"column":0},"end":{"line":25,"column":14}},"25":{"start":{"line":26,"column":0},"end":{"line":26,"column":90}},"26":{"start":{"line":27,"column":0},"end":{"line":27,"column":21}},"27":{"start":{"line":28,"column":0},"end":{"line":28,"column":23}},"28":{"start":{"line":29,"column":0},"end":{"line":29,"column":38}},"29":{"start":{"line":30,"column":0},"end":{"line":30,"column":91}},"30":{"start":{"line":31,"column":0},"end":{"line":31,"column":10}},"31":{"start":{"line":32,"column":0},"end":{"line":32,"column":15}},"32":{"start":{"line":33,"column":0},"end":{"line":33,"column":82}},"33":{"start":{"line":34,"column":0},"end":{"line":34,"column":32}},"34":{"start":{"line":35,"column":0},"end":{"line":35,"column":9}},"36":{"start":{"line":37,"column":0},"end":{"line":37,"column":17}},"37":{"start":{"line":38,"column":0},"end":{"line":38,"column":12}},"38":{"start":{"line":39,"column":0},"end":{"line":39,"column":10}},"40":{"start":{"line":41,"column":0},"end":{"line":41,"column":2}},"42":{"start":{"line":43,"column":0},"end":{"line":43,"column":22}}},"s":{"0":1,"6":1,"7":8,"9":8,"10":4,"11":4,"13":8,"14":2,"15":1,"16":1,"17":1,"18":1,"19":2,"21":8,"22":8,"23":8,"24":8,"25":8,"26":8,"27":8,"28":8,"29":8,"30":8,"31":8,"32":8,"33":8,"34":8,"36":8,"37":8,"38":8,"40":8,"42":1},"branchMap":{"0":{"type":"branch","line":7,"loc":{"start":{"line":7,"column":15},"end":{"line":41,"column":2}},"locations":[{"start":{"line":7,"column":15},"end":{"line":41,"column":2}}]},"1":{"type":"branch","line":10,"loc":{"start":{"line":10,"column":28},"end":{"line":12,"column":4}},"locations":[{"start":{"line":10,"column":28},"end":{"line":12,"column":4}}]},"2":{"type":"branch","line":14,"loc":{"start":{"line":14,"column":23},"end":{"line":20,"column":4}},"locations":[{"start":{"line":14,"column":23},"end":{"line":20,"column":4}}]},"3":{"type":"branch","line":15,"loc":{"start":{"line":15,"column":29},"end":{"line":19,"column":44}},"locations":[{"start":{"line":15,"column":29},"end":{"line":19,"column":44}}]}},"b":{"0":[8],"1":[4],"2":[2],"3":[1]},"fnMap":{"0":{"name":"Header","decl":{"start":{"line":7,"column":15},"end":{"line":41,"column":2}},"loc":{"start":{"line":7,"column":15},"end":{"line":41,"column":2}},"line":7},"1":{"name":"handleInputChange","decl":{"start":{"line":10,"column":28},"end":{"line":12,"column":4}},"loc":{"start":{"line":10,"column":28},"end":{"line":12,"column":4}},"line":10},"2":{"name":"handleSearch","decl":{"start":{"line":14,"column":23},"end":{"line":20,"column":4}},"loc":{"start":{"line":14,"column":23},"end":{"line":20,"column":4}},"line":14}},"f":{"0":8,"1":4,"2":2}}
,"C:\\Users\\rafael_toutain\\Desktop\\rs-react-app\\src\\pages\\principal.tsx": {"path":"C:\\Users\\rafael_toutain\\Desktop\\rs-react-app\\src\\pages\\principal.tsx","all":false,"statementMap":{"0":{"start":{"line":1,"column":0},"end":{"line":1,"column":44}},"1":{"start":{"line":2,"column":0},"end":{"line":2,"column":42}},"2":{"start":{"line":3,"column":0},"end":{"line":3,"column":44}},"3":{"start":{"line":4,"column":0},"end":{"line":4,"column":44}},"5":{"start":{"line":6,"column":0},"end":{"line":6,"column":25}},"6":{"start":{"line":7,"column":0},"end":{"line":7,"column":62}},"7":{"start":{"line":8,"column":0},"end":{"line":8,"column":49}},"8":{"start":{"line":9,"column":0},"end":{"line":9,"column":51}},"9":{"start":{"line":10,"column":0},"end":{"line":10,"column":57}},"10":{"start":{"line":11,"column":0},"end":{"line":11,"column":49}},"12":{"start":{"line":13,"column":0},"end":{"line":13,"column":45}},"13":{"start":{"line":14,"column":0},"end":{"line":14,"column":15}},"14":{"start":{"line":15,"column":0},"end":{"line":15,"column":4}},"16":{"start":{"line":17,"column":0},"end":{"line":17,"column":19}},"17":{"start":{"line":18,"column":0},"end":{"line":18,"column":49}},"18":{"start":{"line":19,"column":0},"end":{"line":19,"column":11}},"19":{"start":{"line":20,"column":0},"end":{"line":20,"column":27}},"20":{"start":{"line":21,"column":0},"end":{"line":21,"column":37}},"21":{"start":{"line":22,"column":0},"end":{"line":22,"column":59}},"22":{"start":{"line":23,"column":0},"end":{"line":23,"column":10}},"23":{"start":{"line":24,"column":0},"end":{"line":24,"column":27}},"24":{"start":{"line":25,"column":0},"end":{"line":25,"column":68}},"25":{"start":{"line":26,"column":0},"end":{"line":26,"column":9}},"26":{"start":{"line":27,"column":0},"end":{"line":27,"column":43}},"27":{"start":{"line":28,"column":0},"end":{"line":28,"column":27}},"28":{"start":{"line":29,"column":0},"end":{"line":29,"column":28}},"29":{"start":{"line":30,"column":0},"end":{"line":30,"column":23}},"30":{"start":{"line":31,"column":0},"end":{"line":31,"column":45}},"31":{"start":{"line":32,"column":0},"end":{"line":32,"column":76}},"32":{"start":{"line":33,"column":0},"end":{"line":33,"column":28}},"33":{"start":{"line":34,"column":0},"end":{"line":34,"column":7}},"34":{"start":{"line":35,"column":0},"end":{"line":35,"column":6}},"35":{"start":{"line":36,"column":0},"end":{"line":36,"column":20}},"36":{"start":{"line":37,"column":0},"end":{"line":37,"column":13}},"38":{"start":{"line":39,"column":0},"end":{"line":39,"column":10}},"39":{"start":{"line":40,"column":0},"end":{"line":40,"column":51}},"40":{"start":{"line":41,"column":0},"end":{"line":41,"column":58}},"41":{"start":{"line":42,"column":0},"end":{"line":42,"column":50}},"42":{"start":{"line":43,"column":0},"end":{"line":43,"column":23}},"43":{"start":{"line":44,"column":0},"end":{"line":44,"column":82}},"45":{"start":{"line":46,"column":0},"end":{"line":46,"column":14}},"47":{"start":{"line":48,"column":0},"end":{"line":48,"column":63}},"48":{"start":{"line":49,"column":0},"end":{"line":49,"column":12}},"49":{"start":{"line":50,"column":0},"end":{"line":50,"column":10}},"51":{"start":{"line":52,"column":0},"end":{"line":52,"column":2}},"53":{"start":{"line":54,"column":0},"end":{"line":54,"column":25}}},"s":{"0":1,"1":1,"2":1,"3":1,"5":1,"6":13,"7":13,"8":13,"9":13,"10":13,"12":13,"13":1,"14":1,"16":13,"17":7,"18":7,"19":7,"20":7,"21":7,"22":7,"23":6,"24":1,"25":1,"26":4,"27":4,"28":4,"29":6,"30":1,"31":1,"32":1,"33":1,"34":7,"35":7,"36":13,"38":13,"39":13,"40":13,"41":13,"42":13,"43":7,"45":7,"47":13,"48":13,"49":13,"51":13,"53":1},"branchMap":{"0":{"type":"branch","line":6,"loc":{"start":{"line":6,"column":18},"end":{"line":52,"column":2}},"locations":[{"start":{"line":6,"column":18},"end":{"line":52,"column":2}}]},"1":{"type":"branch","line":43,"loc":{"start":{"line":43,"column":9},"end":{"line":46,"column":14}},"locations":[{"start":{"line":43,"column":9},"end":{"line":46,"column":14}}]},"2":{"type":"branch","line":48,"loc":{"start":{"line":48,"column":10},"end":{"line":48,"column":49}},"locations":[{"start":{"line":48,"column":10},"end":{"line":48,"column":49}}]},"3":{"type":"branch","line":48,"loc":{"start":{"line":48,"column":44},"end":{"line":48,"column":63}},"locations":[{"start":{"line":48,"column":44},"end":{"line":48,"column":63}}]},"4":{"type":"branch","line":13,"loc":{"start":{"line":13,"column":29},"end":{"line":15,"column":4}},"locations":[{"start":{"line":13,"column":29},"end":{"line":15,"column":4}}]},"5":{"type":"branch","line":17,"loc":{"start":{"line":17,"column":12},"end":{"line":37,"column":5}},"locations":[{"start":{"line":17,"column":12},"end":{"line":37,"column":5}}]},"6":{"type":"branch","line":18,"loc":{"start":{"line":18,"column":22},"end":{"line":35,"column":6}},"locations":[{"start":{"line":18,"column":22},"end":{"line":35,"column":6}}]},"7":{"type":"branch","line":23,"loc":{"start":{"line":23,"column":8},"end":{"line":34,"column":7}},"locations":[{"start":{"line":23,"column":8},"end":{"line":34,"column":7}}]},"8":{"type":"branch","line":23,"loc":{"start":{"line":23,"column":8},"end":{"line":24,"column":26}},"locations":[{"start":{"line":23,"column":8},"end":{"line":24,"column":26}}]},"9":{"type":"branch","line":24,"loc":{"start":{"line":24,"column":26},"end":{"line":26,"column":9}},"locations":[{"start":{"line":24,"column":26},"end":{"line":26,"column":9}}]},"10":{"type":"branch","line":26,"loc":{"start":{"line":26,"column":8},"end":{"line":30,"column":15}},"locations":[{"start":{"line":26,"column":8},"end":{"line":30,"column":15}}]},"11":{"type":"branch","line":30,"loc":{"start":{"line":30,"column":6},"end":{"line":34,"column":7}},"locations":[{"start":{"line":30,"column":6},"end":{"line":34,"column":7}}]},"12":{"type":"branch","line":32,"loc":{"start":{"line":32,"column":42},"end":{"line":32,"column":74}},"locations":[{"start":{"line":32,"column":42},"end":{"line":32,"column":74}}]}},"b":{"0":[13],"1":[7],"2":[12],"3":[1],"4":[1],"5":[7],"6":[7],"7":[6],"8":[5],"9":[1],"10":[4],"11":[1],"12":[0]},"fnMap":{"0":{"name":"Principal","decl":{"start":{"line":6,"column":18},"end":{"line":52,"column":2}},"loc":{"start":{"line":6,"column":18},"end":{"line":52,"column":2}},"line":6},"1":{"name":"handleSearchChange","decl":{"start":{"line":13,"column":29},"end":{"line":15,"column":4}},"loc":{"start":{"line":13,"column":29},"end":{"line":15,"column":4}},"line":13},"2":{"name":"fetchData","decl":{"start":{"line":18,"column":22},"end":{"line":35,"column":6}},"loc":{"start":{"line":18,"column":22},"end":{"line":35,"column":6}},"line":18}},"f":{"0":13,"1":1,"2":7}}
}
